TN:
SF:authenticate.ts
FN:9,(anonymous_1)
FN:11,(anonymous_2)
FN:17,(anonymous_3)
FN:43,(anonymous_4)
FN:46,(anonymous_5)
FN:55,(anonymous_6)
FN:62,(anonymous_7)
FN:64,(anonymous_8)
FN:70,(anonymous_9)
FN:95,(anonymous_10)
FNF:10
FNH:6
FNDA:3,(anonymous_1)
FNDA:3,(anonymous_2)
FNDA:1,(anonymous_3)
FNDA:0,(anonymous_4)
FNDA:0,(anonymous_5)
FNDA:0,(anonymous_6)
FNDA:66,(anonymous_7)
FNDA:66,(anonymous_8)
FNDA:65,(anonymous_9)
FNDA:0,(anonymous_10)
DA:1,1
DA:2,1
DA:3,1
DA:4,1
DA:6,1
DA:9,1
DA:10,3
DA:12,3
DA:13,2
DA:17,1
DA:18,1
DA:19,1
DA:24,0
DA:26,0
DA:34,0
DA:42,0
DA:44,0
DA:47,0
DA:56,0
DA:62,1
DA:63,66
DA:65,66
DA:66,1
DA:70,65
DA:71,65
DA:72,1
DA:76,64
DA:82,64
DA:83,32
DA:88,32
DA:96,0
DA:101,1
LF:32
LH:24
BRDA:12,0,0,2
BRDA:12,0,1,1
BRDA:18,1,0,1
BRDA:18,1,1,0
BRDA:24,2,0,0
BRDA:24,2,1,0
BRDA:65,3,0,1
BRDA:65,3,1,65
BRDA:71,4,0,1
BRDA:71,4,1,64
BRDA:71,5,0,65
BRDA:71,5,1,65
BRDA:82,6,0,32
BRDA:82,6,1,32
BRF:14
BRH:11
end_of_record
TN:
SF:authentication.ts
FNF:0
FNH:0
DA:1,1
DA:4,1
DA:10,1
DA:11,1
LF:4
LH:4
BRF:0
BRH:0
end_of_record
TN:
SF:blog.spec.ts
FN:269,(anonymous_8)
FN:269,(anonymous_9)
FN:289,(anonymous_10)
FN:290,(anonymous_11)
FN:290,(anonymous_12)
FN:306,(anonymous_13)
FN:307,(anonymous_14)
FN:307,(anonymous_15)
FN:323,(anonymous_16)
FN:324,(anonymous_17)
FN:324,(anonymous_18)
FN:332,(anonymous_19)
FN:335,(anonymous_20)
FN:335,(anonymous_21)
FN:348,(anonymous_22)
FN:348,(anonymous_23)
FN:355,(anonymous_24)
FN:355,(anonymous_25)
FN:362,(anonymous_26)
FN:362,(anonymous_27)
FN:369,(anonymous_28)
FN:369,(anonymous_29)
FN:377,(anonymous_30)
FN:380,(anonymous_31)
FN:380,(anonymous_32)
FN:393,(anonymous_33)
FN:393,(anonymous_34)
FN:400,(anonymous_35)
FN:400,(anonymous_36)
FN:407,(anonymous_37)
FN:407,(anonymous_38)
FN:415,(anonymous_39)
FN:418,(anonymous_40)
FN:418,(anonymous_41)
FN:431,(anonymous_42)
FN:431,(anonymous_43)
FN:438,(anonymous_44)
FN:438,(anonymous_45)
FN:445,(anonymous_46)
FN:445,(anonymous_47)
FNF:40
FNH:40
FNDA:31,(anonymous_8)
FNDA:31,(anonymous_9)
FNDA:1,(anonymous_10)
FNDA:1,(anonymous_11)
FNDA:1,(anonymous_12)
FNDA:1,(anonymous_13)
FNDA:1,(anonymous_14)
FNDA:1,(anonymous_15)
FNDA:1,(anonymous_16)
FNDA:1,(anonymous_17)
FNDA:1,(anonymous_18)
FNDA:1,(anonymous_19)
FNDA:4,(anonymous_20)
FNDA:4,(anonymous_21)
FNDA:1,(anonymous_22)
FNDA:1,(anonymous_23)
FNDA:1,(anonymous_24)
FNDA:1,(anonymous_25)
FNDA:1,(anonymous_26)
FNDA:1,(anonymous_27)
FNDA:1,(anonymous_28)
FNDA:1,(anonymous_29)
FNDA:1,(anonymous_30)
FNDA:3,(anonymous_31)
FNDA:3,(anonymous_32)
FNDA:1,(anonymous_33)
FNDA:1,(anonymous_34)
FNDA:1,(anonymous_35)
FNDA:1,(anonymous_36)
FNDA:1,(anonymous_37)
FNDA:1,(anonymous_38)
FNDA:1,(anonymous_39)
FNDA:3,(anonymous_40)
FNDA:3,(anonymous_41)
FNDA:1,(anonymous_42)
FNDA:1,(anonymous_43)
FNDA:1,(anonymous_44)
FNDA:1,(anonymous_45)
FNDA:1,(anonymous_46)
FNDA:1,(anonymous_47)
DA:260,1
DA:261,1
DA:263,1
DA:267,1
DA:269,31
DA:271,31
DA:277,31
DA:280,31
DA:286,31
DA:289,1
DA:290,1
DA:291,1
DA:298,1
DA:306,1
DA:307,1
DA:308,1
DA:315,1
DA:323,1
DA:324,1
DA:325,1
DA:332,1
DA:335,4
DA:336,4
DA:345,4
DA:348,1
DA:349,1
DA:355,1
DA:356,1
DA:362,1
DA:363,1
DA:369,1
DA:370,1
DA:377,1
DA:380,3
DA:381,3
DA:390,3
DA:393,1
DA:394,1
DA:400,1
DA:401,1
DA:407,1
DA:408,1
DA:415,1
DA:418,3
DA:419,3
DA:428,3
DA:431,1
DA:432,1
DA:438,1
DA:439,1
DA:445,1
DA:446,1
LF:52
LH:52
BRF:0
BRH:0
end_of_record
TN:
SF:blog.ts
FNF:0
FNH:0
DA:1,1
DA:3,1
DA:10,1
DA:12,1
LF:4
LH:4
BRF:0
BRH:0
end_of_record
TN:
SF:checkauth.ts
FN:10,(anonymous_8)
FN:10,(anonymous_9)
FNF:2
FNH:2
FNDA:23,(anonymous_8)
FNDA:23,(anonymous_9)
DA:1,1
DA:2,1
DA:3,1
DA:10,23
DA:11,23
DA:12,23
DA:13,23
DA:14,23
DA:15,23
DA:17,23
DA:20,23
DA:21,0
DA:25,23
DA:26,3
DA:30,20
DA:32,0
DA:33,0
DA:38,1
LF:18
LH:15
BRDA:12,0,0,0
BRDA:12,0,1,23
BRDA:12,1,0,23
BRDA:12,1,1,23
BRDA:20,2,0,0
BRDA:20,2,1,23
BRDA:25,3,0,3
BRDA:25,3,1,20
BRF:8
BRH:6
end_of_record
TN:
SF:database.ts
FN:36,exampleUsage
FN:47,(anonymous_10)
FN:47,(anonymous_11)
FN:62,(anonymous_12)
FN:62,(anonymous_13)
FN:74,(anonymous_14)
FN:74,(anonymous_15)
FN:86,(anonymous_16)
FN:86,(anonymous_17)
FN:98,(anonymous_18)
FN:98,(anonymous_19)
FN:124,(anonymous_20)
FNF:12
FNH:12
FNDA:1,exampleUsage
FNDA:11,(anonymous_10)
FNDA:11,(anonymous_11)
FNDA:1,(anonymous_12)
FNDA:1,(anonymous_13)
FNDA:3,(anonymous_14)
FNDA:3,(anonymous_15)
FNDA:2,(anonymous_16)
FNDA:2,(anonymous_17)
FNDA:3,(anonymous_18)
FNDA:3,(anonymous_19)
FNDA:1,(anonymous_20)
DA:2,1
DA:3,1
DA:18,1
DA:26,1
DA:27,1
DA:28,1
DA:29,1
DA:30,1
DA:31,1
DA:33,1
DA:34,1
DA:37,1
DA:38,1
DA:39,1
DA:42,0
DA:45,1
DA:46,1
DA:47,11
DA:48,11
DA:49,11
DA:50,11
DA:56,11
DA:57,11
DA:59,0
DA:62,1
DA:63,1
DA:64,1
DA:65,1
DA:66,1
DA:68,0
DA:70,0
DA:74,3
DA:75,3
DA:76,3
DA:77,2
DA:78,0
DA:80,2
DA:82,1
DA:86,2
DA:87,2
DA:88,2
DA:89,1
DA:90,0
DA:92,1
DA:94,1
DA:98,3
DA:99,3
DA:100,1
DA:101,1
DA:102,1
DA:104,0
DA:107,2
DA:108,2
DA:109,1
DA:110,0
DA:112,1
DA:114,1
DA:121,1
DA:122,1
DA:124,1
DA:125,1
DA:128,1
LF:62
LH:54
BRDA:65,0,0,1
BRDA:65,0,1,0
BRDA:77,1,0,0
BRDA:77,1,1,2
BRDA:89,2,0,0
BRDA:89,2,1,1
BRDA:99,3,0,1
BRDA:99,3,1,2
BRDA:109,4,0,0
BRDA:109,4,1,1
BRF:10
BRH:6
end_of_record
TN:
SF:messages.spec.ts
FN:200,(anonymous_8)
FN:202,(anonymous_9)
FN:202,(anonymous_10)
FN:210,(anonymous_11)
FN:210,(anonymous_12)
FN:221,(anonymous_13)
FN:222,(anonymous_14)
FN:222,(anonymous_15)
FN:237,(anonymous_16)
FN:237,(anonymous_17)
FN:254,(anonymous_18)
FN:257,(anonymous_19)
FN:257,(anonymous_20)
FN:271,(anonymous_21)
FN:271,(anonymous_22)
FN:277,(anonymous_23)
FN:277,(anonymous_24)
FN:283,(anonymous_25)
FN:283,(anonymous_26)
FN:290,(anonymous_27)
FN:293,(anonymous_28)
FN:293,(anonymous_29)
FN:307,(anonymous_30)
FN:307,(anonymous_31)
FN:313,(anonymous_32)
FN:313,(anonymous_33)
FN:320,(anonymous_34)
FN:323,(anonymous_35)
FN:323,(anonymous_36)
FN:337,(anonymous_37)
FN:337,(anonymous_38)
FN:350,(anonymous_39)
FN:350,(anonymous_40)
FNF:33
FNH:33
FNDA:1,(anonymous_8)
FNDA:1,(anonymous_9)
FNDA:1,(anonymous_10)
FNDA:1,(anonymous_11)
FNDA:1,(anonymous_12)
FNDA:1,(anonymous_13)
FNDA:1,(anonymous_14)
FNDA:1,(anonymous_15)
FNDA:1,(anonymous_16)
FNDA:1,(anonymous_17)
FNDA:1,(anonymous_18)
FNDA:1,(anonymous_19)
FNDA:1,(anonymous_20)
FNDA:1,(anonymous_21)
FNDA:1,(anonymous_22)
FNDA:1,(anonymous_23)
FNDA:1,(anonymous_24)
FNDA:1,(anonymous_25)
FNDA:1,(anonymous_26)
FNDA:1,(anonymous_27)
FNDA:1,(anonymous_28)
FNDA:1,(anonymous_29)
FNDA:1,(anonymous_30)
FNDA:1,(anonymous_31)
FNDA:1,(anonymous_32)
FNDA:1,(anonymous_33)
FNDA:1,(anonymous_34)
FNDA:1,(anonymous_35)
FNDA:1,(anonymous_36)
FNDA:1,(anonymous_37)
FNDA:1,(anonymous_38)
FNDA:1,(anonymous_39)
FNDA:1,(anonymous_40)
DA:193,1
DA:194,1
DA:196,1
DA:197,1
DA:198,1
DA:200,1
DA:202,1
DA:203,1
DA:210,1
DA:211,1
DA:213,1
DA:221,1
DA:222,1
DA:223,1
DA:237,1
DA:238,1
DA:254,1
DA:257,1
DA:258,1
DA:268,1
DA:271,1
DA:272,1
DA:277,1
DA:278,1
DA:283,1
DA:284,1
DA:290,1
DA:293,1
DA:294,1
DA:304,1
DA:307,1
DA:308,1
DA:313,1
DA:314,1
DA:320,1
DA:323,1
DA:324,1
DA:334,1
DA:337,1
DA:338,1
DA:350,1
DA:351,1
LF:42
LH:42
BRF:0
BRH:0
end_of_record
TN:
SF:messages.ts
FN:9,(anonymous_8)
FN:9,(anonymous_9)
FN:31,(anonymous_10)
FN:33,(anonymous_11)
FN:39,(anonymous_12)
FN:44,(anonymous_13)
FN:46,(anonymous_14)
FN:52,(anonymous_15)
FN:57,(anonymous_16)
FN:59,(anonymous_17)
FN:65,(anonymous_18)
FN:70,(anonymous_19)
FN:70,(anonymous_20)
FN:80,(anonymous_21)
FN:86,(anonymous_22)
FNF:15
FNH:14
FNDA:5,(anonymous_8)
FNDA:5,(anonymous_9)
FNDA:1,(anonymous_10)
FNDA:1,(anonymous_11)
FNDA:0,(anonymous_12)
FNDA:2,(anonymous_13)
FNDA:1,(anonymous_14)
FNDA:1,(anonymous_15)
FNDA:2,(anonymous_16)
FNDA:1,(anonymous_17)
FNDA:1,(anonymous_18)
FNDA:3,(anonymous_19)
FNDA:3,(anonymous_20)
FNDA:1,(anonymous_21)
FNDA:1,(anonymous_22)
DA:1,1
DA:2,1
DA:3,1
DA:6,1
DA:9,5
DA:10,5
DA:11,5
DA:12,5
DA:19,5
DA:20,1
DA:23,4
DA:24,4
DA:26,0
DA:27,0
DA:31,1
DA:32,1
DA:34,1
DA:35,1
DA:37,0
DA:40,0
DA:44,1
DA:45,2
DA:47,1
DA:48,0
DA:50,1
DA:53,1
DA:57,1
DA:58,2
DA:60,1
DA:61,0
DA:63,1
DA:66,1
DA:70,3
DA:71,3
DA:72,1
DA:73,1
DA:74,1
DA:76,0
DA:79,2
DA:81,1
DA:82,0
DA:84,1
DA:87,1
DA:91,1
LF:44
LH:36
BRDA:19,0,0,1
BRDA:19,0,1,4
BRDA:19,1,0,5
BRDA:19,1,1,4
BRDA:19,1,2,4
BRDA:19,1,3,4
BRDA:19,1,4,4
BRDA:34,2,0,1
BRDA:34,2,1,0
BRDA:47,3,0,0
BRDA:47,3,1,1
BRDA:60,4,0,0
BRDA:60,4,1,1
BRDA:71,5,0,1
BRDA:71,5,1,2
BRDA:81,6,0,0
BRDA:81,6,1,1
BRF:17
BRH:13
end_of_record
TN:
SF:mongoose.ts
FN:3,connect
FN:5,(anonymous_2)
FN:8,(anonymous_3)
FN:14,close
FNF:4
FNH:2
FNDA:1,connect
FNDA:1,(anonymous_2)
FNDA:0,(anonymous_3)
FNDA:0,close
DA:1,1
DA:3,1
DA:4,1
DA:6,1
DA:9,0
DA:10,0
DA:14,1
DA:15,0
LF:8
LH:5
BRF:0
BRH:0
end_of_record
TN:
SF:schemamessages.ts
FNF:0
FNH:0
DA:1,1
DA:2,1
DA:10,1
DA:11,1
LF:4
LH:4
BRF:0
BRH:0
end_of_record
TN:
SF:user.spec.ts
FN:187,(anonymous_8)
FN:189,(anonymous_9)
FN:189,(anonymous_10)
FN:199,(anonymous_11)
FN:204,(anonymous_12)
FN:204,(anonymous_13)
FN:214,(anonymous_14)
FN:214,(anonymous_15)
FN:228,(anonymous_16)
FN:236,(anonymous_17)
FN:236,(anonymous_18)
FN:246,(anonymous_19)
FN:246,(anonymous_20)
FN:256,(anonymous_21)
FN:256,(anonymous_22)
FN:266,(anonymous_23)
FN:266,(anonymous_24)
FNF:17
FNH:16
FNDA:1,(anonymous_8)
FNDA:1,(anonymous_9)
FNDA:1,(anonymous_10)
FNDA:0,(anonymous_11)
FNDA:1,(anonymous_12)
FNDA:1,(anonymous_13)
FNDA:1,(anonymous_14)
FNDA:1,(anonymous_15)
FNDA:1,(anonymous_16)
FNDA:1,(anonymous_17)
FNDA:1,(anonymous_18)
FNDA:1,(anonymous_19)
FNDA:1,(anonymous_20)
FNDA:1,(anonymous_21)
FNDA:1,(anonymous_22)
FNDA:1,(anonymous_23)
FNDA:1,(anonymous_24)
DA:187,1
DA:188,1
DA:189,1
DA:190,1
DA:191,1
DA:199,0
DA:200,0
DA:204,1
DA:205,1
DA:214,1
DA:215,1
DA:223,1
DA:224,1
DA:225,1
DA:226,1
DA:228,1
DA:234,1
DA:236,1
DA:237,1
DA:246,1
DA:247,1
DA:256,1
DA:257,1
DA:266,1
DA:267,1
LF:25
LH:23
BRF:0
BRH:0
end_of_record
